STAR version=2.7.11b
STAR compilation time,server,dir=2025-07-24T03:06:21+0000 :/opt/conda/conda-bld/star_1753326220084/work/source
##### Command Line:
/home/parnika/miniconda3/envs/nf-env/bin/STAR-avx2 --runThreadN 16 --runMode genomeGenerate --genomeDir ref/star_index --genomeFastaFiles ref/genome.fa --sjdbGTFfile ref/genes.gtf --sjdbOverhang 99
##### Initial USER parameters from Command Line:
###### All USER parameters from Command Line:
runThreadN                    16     ~RE-DEFINED
runMode                       genomeGenerate        ~RE-DEFINED
genomeDir                     ref/star_index     ~RE-DEFINED
genomeFastaFiles              ref/genome.fa        ~RE-DEFINED
sjdbGTFfile                   ref/genes.gtf     ~RE-DEFINED
sjdbOverhang                  99     ~RE-DEFINED
##### Finished reading parameters from all sources

##### Final user re-defined parameters-----------------:
runMode                           genomeGenerate   
runThreadN                        16
genomeDir                         ref/star_index
genomeFastaFiles                  ref/genome.fa   
sjdbGTFfile                       ref/genes.gtf
sjdbOverhang                      99

-------------------------------
##### Final effective command line:
/home/parnika/miniconda3/envs/nf-env/bin/STAR-avx2   --runMode genomeGenerate      --runThreadN 16   --genomeDir ref/star_index   --genomeFastaFiles ref/genome.fa      --sjdbGTFfile ref/genes.gtf   --sjdbOverhang 99
----------------------------------------

Number of fastq files for each mate = 1
ParametersSolo: --soloCellFilterType CellRanger2.2 filtering parameters:  3000 0.99 10
Finished loading and checking parameters
--genomeDir directory exists and will be overwritten: ref/star_index/
Sep 08 15:27:01 ... starting to generate Genome files
ref/genome.fa : chr # 0  "chr1" chrStart: 0
ref/genome.fa : chr # 1  "chr2" chrStart: 262144
Chromosome sequence lengths: 
chr1	96
chr2	96
Genome sequence total length = 192
Genome size with padding = 524288
Sep 08 15:27:01 ..... processing annotations GTF
Processing pGe.sjdbGTFfile=ref/genes.gtf, found:
		2 transcripts
		2 exons (non-collapsed)
		0 collapsed junctions
Total junctions: 0
Sep 08 15:27:01 ..... finished GTF processing

!!!!! WARNING: --genomeSAindexNbases 14 is too large for the genome size=192, which may cause seg-fault at the mapping step. Re-run genome generation with recommended --genomeSAindexNbases 2
Estimated genome size with padding and SJs: total=genome+SJ=199524288 = 524288 + 199000000
GstrandBit=32
Number of SA indices: 384
Sep 08 15:27:01 ... starting to sort Suffix Array. This may take a long time...
Number of chunks: 17;   chunks size limit: 200 bytes
Sep 08 15:27:01 ... sorting Suffix Array chunks and saving them to disk...
Writing 184 bytes into ref/star_index//SA_13 ; empty space on disk = 3123671990272 bytes ... done
Writing 192 bytes into ref/star_index//SA_0 ; empty space on disk = 3123671728128 bytes ... done
Writing 96 bytes into ref/star_index//SA_1 ; empty space on disk = 3123671465984 bytes ... done
Writing 192 bytes into ref/star_index//SA_6 ; empty space on disk = 3123671203840 bytes ... done
Writing 192 bytes into ref/star_index//SA_8 ; empty space on disk = 3123671203840 bytes ... done
Writing 184 bytes into ref/star_index//SA_14 ; empty space on disk = 3123670679552 bytes ... done
Writing 192 bytes into ref/star_index//SA_3 ; empty space on disk = 3123670417408 bytes ... done
Writing 192 bytes into ref/star_index//SA_5 ; empty space on disk = 3123670155264 bytes ... done
Writing 200 bytes into ref/star_index//SA_15 ; empty space on disk = 3123669893120 bytes ... done
Writing 192 bytes into ref/star_index//SA_2 ; empty space on disk = 3123669630976 bytes ... done
Writing 200 bytes into ref/star_index//SA_12 ; empty space on disk = 3123669368832 bytes ... done
Writing 192 bytes into ref/star_index//SA_4 ; empty space on disk = 3123669106688 bytes ... done
Writing 184 bytes into ref/star_index//SA_9 ; empty space on disk = 3123668844544 bytes ... done
Writing 192 bytes into ref/star_index//SA_10 ; empty space on disk = 3123668582400 bytes ... done
Writing 192 bytes into ref/star_index//SA_11 ; empty space on disk = 3123668582400 bytes ... done
Writing 96 bytes into ref/star_index//SA_7 ; empty space on disk = 3123668058112 bytes ... done
Writing 200 bytes into ref/star_index//SA_16 ; empty space on disk = 3123667795968 bytes ... done
Sep 08 15:27:01 ... loading chunks from disk, packing SA...
Sep 08 15:27:01 ... finished generating suffix array
Sep 08 15:27:01 ... generating Suffix Array index
Sep 08 15:27:03 ... completed Suffix Array index
Sep 08 15:27:03   Finished preparing junctions
Sep 08 15:27:03 ..... finished inserting junctions into genome
Sep 08 15:27:03 ... writing Genome to disk ...
Writing 524288 bytes into ref/star_index//Genome ; empty space on disk = 3123671465984 bytes ... done
SA size in bytes: 1587
Sep 08 15:27:03 ... writing Suffix Array to disk ...
Writing 1587 bytes into ref/star_index//SA ; empty space on disk = 3123670941696 bytes ... done
Sep 08 15:27:03 ... writing SAindex to disk
Writing 8 bytes into ref/star_index//SAindex ; empty space on disk = 3123670679552 bytes ... done
Writing 120 bytes into ref/star_index//SAindex ; empty space on disk = 3123670679552 bytes ... done
Writing 1565873491 bytes into ref/star_index//SAindex ; empty space on disk = 3123670679552 bytes ... done
Sep 08 15:27:04 ..... finished successfully
DONE: Genome generation, EXITING
